0 info it worked if it ends with ok
1 verbose cli [ 'C:\\Program Files\\nodejs\\\\node.exe',
1 verbose cli   'C:\\Program Files\\nodejs\\node_modules\\npm\\bin\\npm-cli.js',
1 verbose cli   'install',
1 verbose cli   'googlemaps-amd' ]
2 info using npm@2.11.3
3 info using node@v0.12.7
4 verbose install initial load of D:\WEB\JS projects\photo-diary\package.json
5 verbose installManyTop reading scoped package data from D:\WEB\JS projects\photo-diary\node_modules\grunt\package.json
6 verbose installManyTop reading scoped package data from D:\WEB\JS projects\photo-diary\node_modules\grunt-autoprefixer\package.json
7 verbose installManyTop reading scoped package data from D:\WEB\JS projects\photo-diary\node_modules\grunt-contrib-clean\package.json
8 verbose installManyTop reading scoped package data from D:\WEB\JS projects\photo-diary\node_modules\grunt-contrib-copy\package.json
9 verbose installManyTop reading scoped package data from D:\WEB\JS projects\photo-diary\node_modules\grunt-contrib-cssmin\package.json
10 verbose installManyTop reading scoped package data from D:\WEB\JS projects\photo-diary\node_modules\grunt-contrib-imagemin\package.json
11 verbose installManyTop reading scoped package data from D:\WEB\JS projects\photo-diary\node_modules\grunt-contrib-less\package.json
12 verbose installManyTop reading scoped package data from D:\WEB\JS projects\photo-diary\node_modules\grunt-contrib-watch\package.json
13 verbose installManyTop reading scoped package data from D:\WEB\JS projects\photo-diary\node_modules\grunt-csscomb\package.json
14 verbose installManyTop reading scoped package data from D:\WEB\JS projects\photo-diary\node_modules\grunt-replace\package.json
15 verbose installManyTop reading scoped package data from D:\WEB\JS projects\photo-diary\node_modules\load-grunt-tasks\package.json
16 verbose installManyTop reading scoped package data from D:\WEB\JS projects\photo-diary\node_modules\node-static\package.json
17 verbose installManyTop reading scoped package data from D:\WEB\JS projects\photo-diary\node_modules\normalize.css\package.json
18 verbose installManyTop reading scoped package data from D:\WEB\JS projects\photo-diary\node_modules\requirejs\package.json
19 info package.json grunt@0.4.5 No license field.
20 info package.json grunt-contrib-watch@0.6.1 No license field.
21 info package.json grunt-csscomb@3.1.0 No license field.
22 verbose readDependencies loading dependencies from D:\WEB\JS projects\photo-diary\package.json
23 silly cache add args [ 'googlemaps-amd', null ]
24 verbose cache add spec googlemaps-amd
25 silly cache add parsed spec { raw: 'googlemaps-amd',
25 silly cache add   scope: null,
25 silly cache add   name: 'googlemaps-amd',
25 silly cache add   rawSpec: '',
25 silly cache add   spec: '*',
25 silly cache add   type: 'range' }
26 silly addNamed googlemaps-amd@*
27 verbose addNamed "*" is a valid semver range for googlemaps-amd
28 silly addNameRange { name: 'googlemaps-amd', range: '*', hasData: false }
29 silly mapToRegistry name googlemaps-amd
30 silly mapToRegistry using default registry
31 silly mapToRegistry registry https://registry.npmjs.org/
32 silly mapToRegistry uri https://registry.npmjs.org/googlemaps-amd
33 verbose addNameRange registry:https://registry.npmjs.org/googlemaps-amd not in flight; fetching
34 verbose request uri https://registry.npmjs.org/googlemaps-amd
35 verbose request no auth needed
36 info attempt registry request try #1 at 19:45:18
37 verbose request id 1986ce8d4727ff92
38 http request GET https://registry.npmjs.org/googlemaps-amd
39 http 404 https://registry.npmjs.org/googlemaps-amd
40 verbose headers { 'content-type': 'application/json',
40 verbose headers   'cache-control': 'max-age=0',
40 verbose headers   'content-length': '2',
40 verbose headers   'accept-ranges': 'bytes',
40 verbose headers   date: 'Fri, 25 Mar 2016 17:45:19 GMT',
40 verbose headers   via: '1.1 varnish',
40 verbose headers   age: '0',
40 verbose headers   connection: 'keep-alive',
40 verbose headers   'x-served-by': 'cache-fra1229-FRA',
40 verbose headers   'x-cache': 'MISS',
40 verbose headers   'x-cache-hits': '0',
40 verbose headers   'x-timer': 'S1458927919.016294,VS0,VE419' }
41 silly get cb [ 404,
41 silly get   { 'content-type': 'application/json',
41 silly get     'cache-control': 'max-age=0',
41 silly get     'content-length': '2',
41 silly get     'accept-ranges': 'bytes',
41 silly get     date: 'Fri, 25 Mar 2016 17:45:19 GMT',
41 silly get     via: '1.1 varnish',
41 silly get     age: '0',
41 silly get     connection: 'keep-alive',
41 silly get     'x-served-by': 'cache-fra1229-FRA',
41 silly get     'x-cache': 'MISS',
41 silly get     'x-cache-hits': '0',
41 silly get     'x-timer': 'S1458927919.016294,VS0,VE419' } ]
42 verbose stack Error: Registry returned 404 for GET on https://registry.npmjs.org/googlemaps-amd
42 verbose stack     at CachingRegistryClient.<anonymous> (C:\Program Files\nodejs\node_modules\npm\node_modules\npm-registry-client\lib\request.js:239:14)
42 verbose stack     at Request._callback (C:\Program Files\nodejs\node_modules\npm\node_modules\npm-registry-client\lib\request.js:170:14)
42 verbose stack     at Request.self.callback (C:\Program Files\nodejs\node_modules\npm\node_modules\request\request.js:354:22)
42 verbose stack     at Request.emit (events.js:110:17)
42 verbose stack     at Request.<anonymous> (C:\Program Files\nodejs\node_modules\npm\node_modules\request\request.js:1207:14)
42 verbose stack     at Request.emit (events.js:129:20)
42 verbose stack     at IncomingMessage.<anonymous> (C:\Program Files\nodejs\node_modules\npm\node_modules\request\request.js:1153:12)
42 verbose stack     at IncomingMessage.emit (events.js:129:20)
42 verbose stack     at _stream_readable.js:908:16
42 verbose stack     at process._tickCallback (node.js:355:11)
43 verbose statusCode 404
44 verbose pkgid googlemaps-amd
45 verbose cwd D:\WEB\JS projects\photo-diary
46 error Windows_NT 6.1.7601
47 error argv "C:\\Program Files\\nodejs\\\\node.exe" "C:\\Program Files\\nodejs\\node_modules\\npm\\bin\\npm-cli.js" "install" "googlemaps-amd"
48 error node v0.12.7
49 error npm  v2.11.3
50 error code E404
51 error 404 Registry returned 404 for GET on https://registry.npmjs.org/googlemaps-amd
51 error 404
51 error 404 'googlemaps-amd' is not in the npm registry.
51 error 404 You should bug the author to publish it (or use the name yourself!)
51 error 404 It was specified as a dependency of 'test_grunt'
51 error 404
51 error 404 Note that you can also install from a
51 error 404 tarball, folder, http url, or git url.
52 verbose exit [ 1, true ]
